# JRE version: Java(TM) SE Runtime Environment (18.0+36) (build 18+36-2087)
# Java VM: Java HotSpot(TM) 64-Bit Server VM (18+36-2087, mixed mode, sharing, tiered, compressed oops, compressed class ptrs, g1 gc, windows-amd64)
GC Precious Log:
 CardTable entry size: 512
 Card Set container configuration: InlinePtr #cards 5 size 8 Array Of Cards #cards 12 size 40 Howl #buckets 4 coarsen threshold 1843 Howl Bitmap #cards 512 size 80 coarsen threshold 460 Card regions per heap region 1 cards per card region 2048
 CPUs: 16 total, 16 available
 Memory: 16310M
 Large Page Support: Disabled
 NUMA Support: Disabled
 Compressed Oops: Enabled (32-bit)
 Heap Region Size: 1M
 Heap Min Capacity: 256M
 Heap Initial Capacity: 256M
 Heap Max Capacity: 512M
 Pre-touch: Disabled
 Parallel Workers: 13
 Concurrent Workers: 3
 Concurrent Refinement Workers: 13
 Periodic GC: Disabled
Heap:
 garbage-first heap   total 262144K, used 172566K [0x00000000e0000000, 0x0000000100000000)
  region size 1024K, 157 young (160768K), 20 survivors (20480K)
 Metaspace       used 48827K, committed 50368K, reserved 278528K
  class space    used 6792K, committed 7552K, reserved 212992K
GC Heap History (9 events):
Event: 0.531 GC heap before
{Heap before GC invocations=0 (full 0):
 garbage-first heap   total 262144K, used 28672K [0x00000000e0000000, 0x0000000100000000)
  region size 1024K, 23 young (23552K), 0 survivors (0K)
 Metaspace       used 3030K, committed 3200K, reserved 278528K
  class space    used 374K, committed 448K, reserved 212992K
}
Event: 0.535 GC heap after
{Heap after GC invocations=1 (full 0):
 garbage-first heap   total 262144K, used 9497K [0x00000000e0000000, 0x0000000100000000)
  region size 1024K, 3 young (3072K), 3 survivors (3072K)
 Metaspace       used 3030K, committed 3200K, reserved 278528K
  class space    used 374K, committed 448K, reserved 212992K
}
Event: 0.881 GC heap before
{Heap before GC invocations=1 (full 0):
 garbage-first heap   total 262144K, used 39193K [0x00000000e0000000, 0x0000000100000000)
  region size 1024K, 32 young (32768K), 3 survivors (3072K)
 Metaspace       used 4005K, committed 4160K, reserved 278528K
  class space    used 476K, committed 576K, reserved 212992K
}
Event: 0.884 GC heap after
{Heap after GC invocations=2 (full 0):
 garbage-first heap   total 262144K, used 14071K [0x00000000e0000000, 0x0000000100000000)
  region size 1024K, 4 young (4096K), 4 survivors (4096K)
 Metaspace       used 4005K, committed 4160K, reserved 278528K
  class space    used 476K, committed 576K, reserved 212992K
}
Event: 2.451 GC heap before
{Heap before GC invocations=2 (full 0):
 garbage-first heap   total 262144K, used 107255K [0x00000000e0000000, 0x0000000100000000)
  region size 1024K, 96 young (98304K), 4 survivors (4096K)
 Metaspace       used 20807K, committed 21504K, reserved 278528K
  class space    used 3031K, committed 3392K, reserved 212992K
}
Event: 2.458 GC heap after
{Heap after GC invocations=3 (full 0):
 garbage-first heap   total 262144K, used 21679K [0x00000000e0000000, 0x0000000100000000)
  region size 1024K, 12 young (12288K), 12 survivors (12288K)
 Metaspace       used 20807K, committed 21504K, reserved 278528K
  class space    used 3031K, committed 3392K, reserved 212992K
}
Event: 3.615 GC heap before
{Heap before GC invocations=4 (full 0):
 garbage-first heap   total 262144K, used 119983K [0x00000000e0000000, 0x0000000100000000)
  region size 1024K, 106 young (108544K), 12 survivors (12288K)
 Metaspace       used 34858K, committed 35968K, reserved 278528K
  class space    used 4771K, committed 5376K, reserved 212992K
}
Event: 3.625 GC heap after
{Heap after GC invocations=5 (full 0):
 garbage-first heap   total 262144K, used 32278K [0x00000000e0000000, 0x0000000100000000)
  region size 1024K, 16 young (16384K), 16 survivors (16384K)
 Metaspace       used 34858K, committed 35968K, reserved 278528K
  class space    used 4771K, committed 5376K, reserved 212992K
}
Event: 5.207 GC heap before
{Heap before GC invocations=6 (full 0):
 garbage-first heap   total 262144K, used 171542K [0x00000000e0000000, 0x0000000100000000)
  region size 1024K, 153 young (156672K), 16 survivors (16384K)
 Metaspace       used 48827K, committed 50368K, reserved 278528K
  class space    used 6792K, committed 7552K, reserved 212992K
}

